# JRE version: Java(TM) SE Runtime Environment (8.0_171-b11) (build 1.8.0_171-b11)
# Java VM: Java HotSpot(TM) 64-Bit Server VM (25.171-b11 mixed mode linux-amd64 compressed oops)
Heap:
 PSYoungGen      total 120832K, used 64544K [0x00000000d7200000, 0x00000000e2b00000, 0x0000000100000000)
  eden space 104960K, 61% used [0x00000000d7200000,0x00000000db1081a0,0x00000000dd880000)
  from space 15872K, 0% used [0x00000000dd880000,0x00000000dd880000,0x00000000de800000)
  to   space 15872K, 0% used [0x00000000e1b80000,0x00000000e1b80000,0x00000000e2b00000)
 ParOldGen       total 84992K, used 22591K [0x0000000085600000, 0x000000008a900000, 0x00000000d7200000)
  object space 84992K, 26% used [0x0000000085600000,0x0000000086c0fdc0,0x000000008a900000)
 Metaspace       used 36005K, capacity 38098K, committed 38144K, reserved 1081344K
  class space    used 4939K, capacity 5336K, committed 5376K, reserved 1048576K
GC Heap History (10 events):
Event: 1,661 GC heap before
{Heap before GC invocations=7 (full 1):
 PSYoungGen      total 68608K, used 68589K [0x00000000d7200000, 0x00000000dcf00000, 0x0000000100000000)
  eden space 63488K, 100% used [0x00000000d7200000,0x00000000db000000,0x00000000db000000)
  from space 5120K, 99% used [0x00000000db000000,0x00000000db4fb450,0x00000000db500000)
  to   space 11264K, 0% used [0x00000000dc400000,0x00000000dc400000,0x00000000dcf00000)
 ParOldGen       total 59904K, used 16173K [0x0000000085600000, 0x0000000089080000, 0x00000000d7200000)
  object space 59904K, 26% used [0x0000000085600000,0x00000000865cb4f8,0x0000000089080000)
 Metaspace       used 29537K, capacity 30896K, committed 31104K, reserved 1077248K
  class space    used 3925K, capacity 4222K, committed 4224K, reserved 1048576K
Event: 1,676 GC heap after
Heap after GC invocations=7 (full 1):
 PSYoungGen      total 82432K, used 11110K [0x00000000d7200000, 0x00000000de980000, 0x0000000100000000)
  eden space 71168K, 0% used [0x00000000d7200000,0x00000000d7200000,0x00000000db780000)
  from space 11264K, 98% used [0x00000000dc400000,0x00000000dced99f0,0x00000000dcf00000)
  to   space 12800K, 0% used [0x00000000db780000,0x00000000db780000,0x00000000dc400000)
 ParOldGen       total 59904K, used 16181K [0x0000000085600000, 0x0000000089080000, 0x00000000d7200000)
  object space 59904K, 27% used [0x0000000085600000,0x00000000865cd4f8,0x0000000089080000)
 Metaspace       used 29537K, capacity 30896K, committed 31104K, reserved 1077248K
  class space    used 3925K, capacity 4222K, committed 4224K, reserved 1048576K
}
Event: 2,134 GC heap before
{Heap before GC invocations=8 (full 1):
 PSYoungGen      total 82432K, used 82278K [0x00000000d7200000, 0x00000000de980000, 0x0000000100000000)
  eden space 71168K, 100% used [0x00000000d7200000,0x00000000db780000,0x00000000db780000)
  from space 11264K, 98% used [0x00000000dc400000,0x00000000dced99f0,0x00000000dcf00000)
  to   space 12800K, 0% used [0x00000000db780000,0x00000000db780000,0x00000000dc400000)
 ParOldGen       total 59904K, used 16181K [0x0000000085600000, 0x0000000089080000, 0x00000000d7200000)
  object space 59904K, 27% used [0x0000000085600000,0x00000000865cd4f8,0x0000000089080000)
 Metaspace       used 31201K, capacity 32820K, committed 33024K, reserved 1077248K
  class space    used 4224K, capacity 4550K, committed 4608K, reserved 1048576K
Event: 2,142 GC heap after
Heap after GC invocations=8 (full 1):
 PSYoungGen      total 83968K, used 12783K [0x00000000d7200000, 0x00000000df600000, 0x0000000100000000)
  eden space 71168K, 0% used [0x00000000d7200000,0x00000000d7200000,0x00000000db780000)
  from space 12800K, 99% used [0x00000000db780000,0x00000000dc3fbe88,0x00000000dc400000)
  to   space 14336K, 0% used [0x00000000de800000,0x00000000de800000,0x00000000df600000)
 ParOldGen       total 59904K, used 16197K [0x0000000085600000, 0x0000000089080000, 0x00000000d7200000)
  object space 59904K, 27% used [0x0000000085600000,0x00000000865d14f8,0x0000000089080000)
 Metaspace       used 31201K, capacity 32820K, committed 33024K, reserved 1077248K
  class space    used 4224K, capacity 4550K, committed 4608K, reserved 1048576K
}
Event: 2,541 GC heap before
{Heap before GC invocations=9 (full 1):
 PSYoungGen      total 83968K, used 83951K [0x00000000d7200000, 0x00000000df600000, 0x0000000100000000)
  eden space 71168K, 100% used [0x00000000d7200000,0x00000000db780000,0x00000000db780000)
  from space 12800K, 99% used [0x00000000db780000,0x00000000dc3fbe88,0x00000000dc400000)
  to   space 14336K, 0% used [0x00000000de800000,0x00000000de800000,0x00000000df600000)
 ParOldGen       total 59904K, used 16197K [0x0000000085600000, 0x0000000089080000, 0x00000000d7200000)
  object space 59904K, 27% used [0x0000000085600000,0x00000000865d14f8,0x0000000089080000)
 Metaspace       used 33486K, capacity 35366K, committed 35456K, reserved 1079296K
  class space    used 4550K, capacity 4905K, committed 4992K, reserved 1048576K
Event: 2,552 GC heap after
Heap after GC invocations=9 (full 1):
 PSYoungGen      total 119296K, used 14165K [0x00000000d7200000, 0x00000000df900000, 0x0000000100000000)
  eden space 104960K, 0% used [0x00000000d7200000,0x00000000d7200000,0x00000000dd880000)
  from space 14336K, 98% used [0x00000000de800000,0x00000000df5d56d8,0x00000000df600000)
  to   space 15872K, 0% used [0x00000000dd880000,0x00000000dd880000,0x00000000de800000)
 ParOldGen       total 59904K, used 19140K [0x0000000085600000, 0x0000000089080000, 0x00000000d7200000)
  object space 59904K, 31% used [0x0000000085600000,0x00000000868b1060,0x0000000089080000)
 Metaspace       used 33486K, capacity 35366K, committed 35456K, reserved 1079296K
  class space    used 4550K, capacity 4905K, committed 4992K, reserved 1048576K
}
Event: 2,562 GC heap before
{Heap before GC invocations=10 (full 1):
 PSYoungGen      total 119296K, used 16639K [0x00000000d7200000, 0x00000000df900000, 0x0000000100000000)
  eden space 104960K, 2% used [0x00000000d7200000,0x00000000d746a8d8,0x00000000dd880000)
  from space 14336K, 98% used [0x00000000de800000,0x00000000df5d56d8,0x00000000df600000)
  to   space 15872K, 0% used [0x00000000dd880000,0x00000000dd880000,0x00000000de800000)
 ParOldGen       total 59904K, used 19140K [0x0000000085600000, 0x0000000089080000, 0x00000000d7200000)
  object space 59904K, 31% used [0x0000000085600000,0x00000000868b1060,0x0000000089080000)
 Metaspace       used 33569K, capacity 35378K, committed 35496K, reserved 1079296K
  class space    used 4562K, capacity 4907K, committed 4992K, reserved 1048576K
Event: 2,571 GC heap after
Heap after GC invocations=10 (full 1):
 PSYoungGen      total 120832K, used 10928K [0x00000000d7200000, 0x00000000e2b00000, 0x0000000100000000)
  eden space 104960K, 0% used [0x00000000d7200000,0x00000000d7200000,0x00000000dd880000)
  from space 15872K, 68% used [0x00000000dd880000,0x00000000de32c010,0x00000000de800000)
  to   space 15872K, 0% used [0x00000000e1b80000,0x00000000e1b80000,0x00000000e2b00000)
 ParOldGen       total 59904K, used 21096K [0x0000000085600000, 0x0000000089080000, 0x00000000d7200000)
  object space 59904K, 35% used [0x0000000085600000,0x0000000086a9a090,0x0000000089080000)
 Metaspace       used 33569K, capacity 35378K, committed 35496K, reserved 1079296K
  class space    used 4562K, capacity 4907K, committed 4992K, reserved 1048576K
}
Event: 2,571 GC heap before
{Heap before GC invocations=11 (full 2):
 PSYoungGen      total 120832K, used 10928K [0x00000000d7200000, 0x00000000e2b00000, 0x0000000100000000)
  eden space 104960K, 0% used [0x00000000d7200000,0x00000000d7200000,0x00000000dd880000)
  from space 15872K, 68% used [0x00000000dd880000,0x00000000de32c010,0x00000000de800000)
  to   space 15872K, 0% used [0x00000000e1b80000,0x00000000e1b80000,0x00000000e2b00000)
 ParOldGen       total 59904K, used 21096K [0x0000000085600000, 0x0000000089080000, 0x00000000d7200000)
  object space 59904K, 35% used [0x0000000085600000,0x0000000086a9a090,0x0000000089080000)
 Metaspace       used 33569K, capacity 35378K, committed 35496K, reserved 1079296K
  class space    used 4562K, capacity 4907K, committed 4992K, reserved 1048576K
Event: 2,641 GC heap after
Heap after GC invocations=11 (full 2):
 PSYoungGen      total 120832K, used 0K [0x00000000d7200000, 0x00000000e2b00000, 0x0000000100000000)
  eden space 104960K, 0% used [0x00000000d7200000,0x00000000d7200000,0x00000000dd880000)
  from space 15872K, 0% used [0x00000000dd880000,0x00000000dd880000,0x00000000de800000)
  to   space 15872K, 0% used [0x00000000e1b80000,0x00000000e1b80000,0x00000000e2b00000)
 ParOldGen       total 84992K, used 22591K [0x0000000085600000, 0x000000008a900000, 0x00000000d7200000)
  object space 84992K, 26% used [0x0000000085600000,0x0000000086c0fdc0,0x000000008a900000)
 Metaspace       used 33569K, capacity 35378K, committed 35496K, reserved 1079296K
  class space    used 4562K, capacity 4907K, committed 4992K, reserved 1048576K
}

